16:05:11.466 [main] INFO  api.test.UserTest - ********************      Creating User        *************************************
16:05:14.724 [main] INFO  api.test.UserTest - ********************     User is Created        *************************************
16:05:14.731 [main] INFO  api.test.UserTest - ********************      Reading  User   info     *************************************
16:05:16.003 [main] INFO  api.test.UserTest - ********************      User   info  is displayed   *************************************
16:05:16.007 [main] INFO  api.test.UserTest - ********************      Updating  User   info     *************************************
16:05:18.537 [main] INFO  api.test.UserTest - ********************      User   info  is Updated   *************************************
16:05:18.545 [main] INFO  api.test.UserTest - ********************      Deleting  User   info     *************************************
16:05:19.804 [main] INFO  api.test.UserTest - ********************      User   info is deleated    *************************************
16:06:26.093 [main] INFO  api.test.UserTest - ********************      Creating User        *************************************
16:06:29.521 [main] INFO  api.test.UserTest - ********************     User is Created        *************************************
16:06:29.529 [main] INFO  api.test.UserTest - ********************      Reading  User   info     *************************************
16:06:30.814 [main] INFO  api.test.UserTest - ********************      User   info  is displayed   *************************************
16:06:30.822 [main] INFO  api.test.UserTest - ********************      Updating  User   info     *************************************
16:06:33.364 [main] INFO  api.test.UserTest - ********************      User   info  is Updated   *************************************
16:06:33.373 [main] INFO  api.test.UserTest - ********************      Deleting  User   info     *************************************
16:06:34.637 [main] INFO  api.test.UserTest - ********************      User   info is deleated    *************************************
16:34:42.336 [main] INFO  api.test.UserTest2 - ********************      Creating User        *************************************
16:34:45.405 [main] INFO  api.test.UserTest2 - ********************     User is Created        *************************************
16:34:45.412 [main] INFO  api.test.UserTest2 - ********************      Reading  User   info     *************************************
16:34:46.753 [main] INFO  api.test.UserTest2 - ********************      User   info  is displayed   *************************************
16:34:46.757 [main] INFO  api.test.UserTest2 - ********************      Updating  User   info     *************************************
16:34:49.270 [main] INFO  api.test.UserTest2 - ********************      User   info  is Updated   *************************************
16:34:49.275 [main] INFO  api.test.UserTest2 - ********************      Deleting  User   info     *************************************
16:34:50.525 [main] INFO  api.test.UserTest2 - ********************      User   info is deleated    *************************************
17:01:39.172 [main] INFO  api.test.UserTest - ********************      Creating User        *************************************
17:01:40.397 [main] INFO  api.test.UserTest - ********************     User is Created        *************************************
17:01:40.400 [main] INFO  api.test.UserTest - ********************      Reading  User   info     *************************************
17:01:41.675 [main] INFO  api.test.UserTest - ********************      User   info  is displayed   *************************************
17:01:41.676 [main] INFO  api.test.UserTest - ********************      Updating  User   info     *************************************
17:01:44.194 [main] INFO  api.test.UserTest - ********************      User   info  is Updated   *************************************
17:01:44.197 [main] INFO  api.test.UserTest - ********************      Deleting  User   info     *************************************
17:01:45.486 [main] INFO  api.test.UserTest - ********************      User   info is deleated    *************************************
17:05:02.476 [main] INFO  api.test.UserTest - ********************      Creating User        *************************************
17:05:03.727 [main] INFO  api.test.UserTest - ********************     User is Created        *************************************
17:05:03.729 [main] INFO  api.test.UserTest - ********************      Reading  User   info     *************************************
17:05:04.932 [main] INFO  api.test.UserTest - ********************      User   info  is displayed   *************************************
17:05:04.934 [main] INFO  api.test.UserTest - ********************      Updating  User   info     *************************************
17:05:07.433 [main] INFO  api.test.UserTest - ********************      User   info  is Updated   *************************************
17:05:07.434 [main] INFO  api.test.UserTest - ********************      Deleting  User   info     *************************************
17:05:08.649 [main] INFO  api.test.UserTest - ********************      User   info is deleated    *************************************
17:33:45.062 [main] INFO  api.test.UserTest - ********************      Creating User        *************************************
17:33:46.320 [main] INFO  api.test.UserTest - ********************     User is Created        *************************************
17:33:46.324 [main] INFO  api.test.UserTest - ********************      Reading  User   info     *************************************
17:33:47.597 [main] INFO  api.test.UserTest - ********************      User   info  is displayed   *************************************
17:33:47.599 [main] INFO  api.test.UserTest - ********************      Updating  User   info     *************************************
17:33:50.145 [main] INFO  api.test.UserTest - ********************      User   info  is Updated   *************************************
17:33:50.148 [main] INFO  api.test.UserTest - ********************      Deleting  User   info     *************************************
17:33:51.343 [main] INFO  api.test.UserTest - ********************      User   info is deleated    *************************************
